<?xml version="1.0" encoding="UTF-8"?>
<testsuite xmlns:xsi="http://www.w3.org/2001/XMLSchema-instance" xsi:noNamespaceSchemaLocation="https://maven.apache.org/surefire/maven-surefire-plugin/xsd/surefire-test-report.xsd" name="test02" time="1.146" tests="1" errors="0" skipped="0" failures="0">
  <properties>
    <property name="java.specification.version" value="16"/>
    <property name="sun.cpu.isalist" value="amd64"/>
    <property name="sun.jnu.encoding" value="Cp1252"/>
    <property name="java.class.path" value="C:\Users\User-hst\Desktop\test\target\test-classes;C:\Users\User-hst\Desktop\test\target\classes;C:\Users\User-hst\.m2\repository\fr\inria\gforge\spoon\spoon-core\9.1.0-beta-20\spoon-core-9.1.0-beta-20.jar;C:\Users\User-hst\.m2\repository\org\eclipse\jdt\org.eclipse.jdt.core\3.26.0\org.eclipse.jdt.core-3.26.0.jar;C:\Users\User-hst\.m2\repository\com\martiansoftware\jsap\2.1\jsap-2.1.jar;C:\Users\User-hst\.m2\repository\commons-io\commons-io\2.11.0\commons-io-2.11.0.jar;C:\Users\User-hst\.m2\repository\org\apache\maven\maven-model\3.8.1\maven-model-3.8.1.jar;C:\Users\User-hst\.m2\repository\org\codehaus\plexus\plexus-utils\3.2.1\plexus-utils-3.2.1.jar;C:\Users\User-hst\.m2\repository\org\apache\commons\commons-lang3\3.12.0\commons-lang3-3.12.0.jar;C:\Users\User-hst\.m2\repository\com\fasterxml\jackson\core\jackson-databind\2.12.4\jackson-databind-2.12.4.jar;C:\Users\User-hst\.m2\repository\com\fasterxml\jackson\core\jackson-annotations\2.12.4\jackson-annotations-2.12.4.jar;C:\Users\User-hst\.m2\repository\com\fasterxml\jackson\core\jackson-core\2.12.4\jackson-core-2.12.4.jar;C:\Users\User-hst\.m2\repository\org\apache\commons\commons-compress\1.21\commons-compress-1.21.jar;C:\Users\User-hst\.m2\repository\org\apache\maven\shared\maven-invoker\3.1.0\maven-invoker-3.1.0.jar;C:\Users\User-hst\.m2\repository\org\apache\maven\shared\maven-shared-utils\3.3.3\maven-shared-utils-3.3.3.jar;C:\Users\User-hst\.m2\repository\javax\inject\javax.inject\1\javax.inject-1.jar;C:\Users\User-hst\.m2\repository\junit\junit\4.9\junit-4.9.jar;C:\Users\User-hst\.m2\repository\org\hamcrest\hamcrest-core\1.1\hamcrest-core-1.1.jar;C:\Users\User-hst\.m2\repository\org\slf4j\slf4j-api\2.0.0-alpha2\slf4j-api-2.0.0-alpha2.jar;C:\Users\User-hst\.m2\repository\org\slf4j\slf4j-simple\2.0.0-alpha2\slf4j-simple-2.0.0-alpha2.jar;C:\Users\User-hst\.m2\repository\org\bitbucket\cowwoc\diff-match-patch\1.2\diff-match-patch-1.2.jar;"/>
    <property name="java.vm.vendor" value="AdoptOpenJDK"/>
    <property name="sun.arch.data.model" value="64"/>
    <property name="user.variant" value=""/>
    <property name="java.vendor.url" value="https://adoptopenjdk.net/"/>
    <property name="user.timezone" value="Africa/Algiers"/>
    <property name="user.country.format" value="DZ"/>
    <property name="os.name" value="Windows 10"/>
    <property name="java.vm.specification.version" value="16"/>
    <property name="sun.java.launcher" value="SUN_STANDARD"/>
    <property name="user.country" value="FR"/>
    <property name="sun.boot.library.path" value="C:\Program Files\AdoptOpenJDK\jdk-16.0.1.9-hotspot\bin"/>
    <property name="sun.java.command" value="C:\Users\User-hst\AppData\Local\Temp\surefire286358649400680056\surefirebooter420100594422367782.jar C:\Users\User-hst\AppData\Local\Temp\surefire286358649400680056 2021-08-06T01-12-23_334-jvmRun1 surefire17525907146265287682tmp surefire_0471881251417317588tmp"/>
    <property name="jdk.debug" value="release"/>
    <property name="test" value="test02"/>
    <property name="surefire.test.class.path" value="C:\Users\User-hst\Desktop\test\target\test-classes;C:\Users\User-hst\Desktop\test\target\classes;C:\Users\User-hst\.m2\repository\fr\inria\gforge\spoon\spoon-core\9.1.0-beta-20\spoon-core-9.1.0-beta-20.jar;C:\Users\User-hst\.m2\repository\org\eclipse\jdt\org.eclipse.jdt.core\3.26.0\org.eclipse.jdt.core-3.26.0.jar;C:\Users\User-hst\.m2\repository\com\martiansoftware\jsap\2.1\jsap-2.1.jar;C:\Users\User-hst\.m2\repository\commons-io\commons-io\2.11.0\commons-io-2.11.0.jar;C:\Users\User-hst\.m2\repository\org\apache\maven\maven-model\3.8.1\maven-model-3.8.1.jar;C:\Users\User-hst\.m2\repository\org\codehaus\plexus\plexus-utils\3.2.1\plexus-utils-3.2.1.jar;C:\Users\User-hst\.m2\repository\org\apache\commons\commons-lang3\3.12.0\commons-lang3-3.12.0.jar;C:\Users\User-hst\.m2\repository\com\fasterxml\jackson\core\jackson-databind\2.12.4\jackson-databind-2.12.4.jar;C:\Users\User-hst\.m2\repository\com\fasterxml\jackson\core\jackson-annotations\2.12.4\jackson-annotations-2.12.4.jar;C:\Users\User-hst\.m2\repository\com\fasterxml\jackson\core\jackson-core\2.12.4\jackson-core-2.12.4.jar;C:\Users\User-hst\.m2\repository\org\apache\commons\commons-compress\1.21\commons-compress-1.21.jar;C:\Users\User-hst\.m2\repository\org\apache\maven\shared\maven-invoker\3.1.0\maven-invoker-3.1.0.jar;C:\Users\User-hst\.m2\repository\org\apache\maven\shared\maven-shared-utils\3.3.3\maven-shared-utils-3.3.3.jar;C:\Users\User-hst\.m2\repository\javax\inject\javax.inject\1\javax.inject-1.jar;C:\Users\User-hst\.m2\repository\junit\junit\4.9\junit-4.9.jar;C:\Users\User-hst\.m2\repository\org\hamcrest\hamcrest-core\1.1\hamcrest-core-1.1.jar;C:\Users\User-hst\.m2\repository\org\slf4j\slf4j-api\2.0.0-alpha2\slf4j-api-2.0.0-alpha2.jar;C:\Users\User-hst\.m2\repository\org\slf4j\slf4j-simple\2.0.0-alpha2\slf4j-simple-2.0.0-alpha2.jar;C:\Users\User-hst\.m2\repository\org\bitbucket\cowwoc\diff-match-patch\1.2\diff-match-patch-1.2.jar;"/>
    <property name="sun.cpu.endian" value="little"/>
    <property name="user.home" value="C:\Users\User-hst"/>
    <property name="user.language" value="fr"/>
    <property name="java.specification.vendor" value="Oracle Corporation"/>
    <property name="java.version.date" value="2021-04-20"/>
    <property name="java.home" value="C:\Program Files\AdoptOpenJDK\jdk-16.0.1.9-hotspot"/>
    <property name="file.separator" value="\"/>
    <property name="basedir" value="C:\Users\User-hst\Desktop\test"/>
    <property name="java.vm.compressedOopsMode" value="32-bit"/>
    <property name="line.separator" value="&#10;"/>
    <property name="java.vm.specification.vendor" value="Oracle Corporation"/>
    <property name="java.specification.name" value="Java Platform API Specification"/>
    <property name="surefire.real.class.path" value="C:\Users\User-hst\AppData\Local\Temp\surefire286358649400680056\surefirebooter420100594422367782.jar"/>
    <property name="user.script" value=""/>
    <property name="sun.management.compiler" value="HotSpot 64-Bit Tiered Compilers"/>
    <property name="java.runtime.version" value="16.0.1+9"/>
    <property name="user.name" value="User-hst"/>
    <property name="path.separator" value=";"/>
    <property name="os.version" value="10.0"/>
    <property name="java.runtime.name" value="OpenJDK Runtime Environment"/>
    <property name="file.encoding" value="Cp1252"/>
    <property name="java.vm.name" value="OpenJDK 64-Bit Server VM"/>
    <property name="java.vendor.version" value="AdoptOpenJDK-16.0.1+9"/>
    <property name="localRepository" value="C:\Users\User-hst\.m2\repository"/>
    <property name="java.vendor.url.bug" value="https://github.com/AdoptOpenJDK/openjdk-support/issues"/>
    <property name="java.io.tmpdir" value="C:\Users\User-hst\AppData\Local\Temp\"/>
    <property name="java.version" value="16.0.1"/>
    <property name="user.dir" value="C:\Users\User-hst\Desktop\test"/>
    <property name="os.arch" value="amd64"/>
    <property name="java.vm.specification.name" value="Java Virtual Machine Specification"/>
    <property name="sun.os.patch.level" value=""/>
    <property name="java.library.path" value="C:\Program Files\AdoptOpenJDK\jdk-16.0.1.9-hotspot\bin;C:\Windows\Sun\Java\bin;C:\Windows\system32;C:\Windows;C:\Program Files (x86)\Microsoft SDKs\Azure\CLI2\wbin;C:\Program Files\AdoptOpenJDK\jdk-16.0.1.9-hotspot\bin;C:\Program Files\Common Files\Oracle\Java\javapath;C:\Program Files (x86)\VMware\VMware Workstation\bin\;C:\oraclexe\app\oracle\product\11.2.0\server\bin;C:\Program Files\Python39\Scripts\;C:\Program Files\Python39\;C:\oraclexe\app\oracle\product\11.2.0\server\bin;C:\app\User-hst\product\18.0.0\dbhomeXE\bin;C:\Windows\system32;C:\Windows;C:\Windows\System32\Wbem;C:\Windows\System32\WindowsPowerShell\v1.0\;C:\Windows\System32\OpenSSH\;C:\instantclient_19_9x64;C:\wamp64\bin\php\php7.4.9;C:\Program Files\Git\cmd;C:\Program Files\nodejs\;C:\Users\User-hst\miniconda3;C:\wamp64\bin\apache\apache2.4.46\bin;C:\Program Files\MATLAB\R2021a\bin;D:\javafx-sdk-16\lib;C:\Program Files\AdoptOpenJDK\jdk-16.0.1.9-hotspot;C:\Program Files (x86)\BaseX\bin;C:\Users\User-hst\AppData\Roaming\Python\Python39\Scripts;C:\Program Files\PuTTY\;C:\Program Files\dotnet\;C:\apache-maven-3.8.1\bin;C:\Users\User-hst\scoop\shims;C:\Users\User-hst\AppData\Local\Microsoft\WindowsApps;C:\Users\User-hst\AppData\Local\Programs\Microsoft VS Code\bin;C:\instantclient_19_9x64;C:\Users\User-hst\AppData\Local\ComposerSetup\bin;C:\Users\User-hst\AppData\Roaming\Composer\vendor\bin;C:\Users\User-hst\AppData\Roaming\npm;C:\Users\User-hst\AppData\Local\atom\bin;C:\Program Files\JetBrains\IntelliJ IDEA 2021.1.1\bin;;C:\Users\User-hst\.dotnet\tools;."/>
    <property name="java.vm.info" value="mixed mode, sharing"/>
    <property name="java.vendor" value="AdoptOpenJDK"/>
    <property name="java.vm.version" value="16.0.1+9"/>
    <property name="sun.io.unicode.encoding" value="UnicodeLittle"/>
    <property name="java.class.version" value="60.0"/>
  </properties>
  <testcase name="testCodeEquality" classname="test02" time="1.108"/>
</testsuite>